<?xml version="1.0" encoding="UTF-8"?>
<testsuite xmlns:xsi="http://www.w3.org/2001/XMLSchema-instance" xsi:noNamespaceSchemaLocation="https://maven.apache.org/surefire/maven-surefire-plugin/xsd/surefire-test-report.xsd" name="org.previred.AppTest" time="0.027" tests="1" errors="0" skipped="0" failures="0">
  <properties>
    <property name="sun.desktop" value="gnome"/>
    <property name="awt.toolkit" value="sun.awt.X11.XToolkit"/>
    <property name="java.specification.version" value="11"/>
    <property name="sun.cpu.isalist" value=""/>
    <property name="sun.jnu.encoding" value="UTF-8"/>
    <property name="java.class.path" value="/home/conflictiva/Documentos/DesafioPrevired/Desafio_Tres/target/test-classes:/home/conflictiva/Documentos/DesafioPrevired/Desafio_Tres/target/classes:/home/conflictiva/.m2/repository/junit/junit/4.11/junit-4.11.jar:/home/conflictiva/.m2/repository/org/hamcrest/hamcrest-core/1.3/hamcrest-core-1.3.jar:/home/conflictiva/.m2/repository/com/google/code/gson/gson/2.8.5/gson-2.8.5.jar:/home/conflictiva/.m2/repository/com/previred/desafio/tres/Generador_Datos_Desafio_Tres/1.0.0/Generador_Datos_Desafio_Tres-1.0.0.jar:"/>
    <property name="java.vm.vendor" value="JetBrains s.r.o"/>
    <property name="sun.arch.data.model" value="64"/>
    <property name="java.vendor.url" value="https://www.jetbrains.com/"/>
    <property name="user.timezone" value=""/>
    <property name="java.vm.specification.version" value="11"/>
    <property name="os.name" value="Linux"/>
    <property name="sun.java.launcher" value="SUN_STANDARD"/>
    <property name="user.country" value="CL"/>
    <property name="sun.boot.library.path" value="/snap/intellij-idea-community/216/jbr/lib"/>
    <property name="sun.java.command" value="/home/conflictiva/Documentos/DesafioPrevired/Desafio_Tres/target/surefire/surefirebooter7391571571656098003.jar /home/conflictiva/Documentos/DesafioPrevired/Desafio_Tres/target/surefire 2020-04-01T02-00-22_149-jvmRun1 surefire17552139371644060589tmp surefire_05294734777279213196tmp"/>
    <property name="jdk.debug" value="release"/>
    <property name="surefire.test.class.path" value="/home/conflictiva/Documentos/DesafioPrevired/Desafio_Tres/target/test-classes:/home/conflictiva/Documentos/DesafioPrevired/Desafio_Tres/target/classes:/home/conflictiva/.m2/repository/junit/junit/4.11/junit-4.11.jar:/home/conflictiva/.m2/repository/org/hamcrest/hamcrest-core/1.3/hamcrest-core-1.3.jar:/home/conflictiva/.m2/repository/com/google/code/gson/gson/2.8.5/gson-2.8.5.jar:/home/conflictiva/.m2/repository/com/previred/desafio/tres/Generador_Datos_Desafio_Tres/1.0.0/Generador_Datos_Desafio_Tres-1.0.0.jar:"/>
    <property name="sun.cpu.endian" value="little"/>
    <property name="user.home" value="/home/conflictiva"/>
    <property name="user.language" value="es"/>
    <property name="java.specification.vendor" value="Oracle Corporation"/>
    <property name="java.version.date" value="2020-01-14"/>
    <property name="java.home" value="/snap/intellij-idea-community/216/jbr"/>
    <property name="file.separator" value="/"/>
    <property name="basedir" value="/home/conflictiva/Documentos/DesafioPrevired/Desafio_Tres"/>
    <property name="java.vm.compressedOopsMode" value="Zero based"/>
    <property name="line.separator" value="&#10;"/>
    <property name="java.specification.name" value="Java Platform API Specification"/>
    <property name="java.vm.specification.vendor" value="Oracle Corporation"/>
    <property name="java.awt.graphicsenv" value="sun.awt.X11GraphicsEnvironment"/>
    <property name="surefire.real.class.path" value="/home/conflictiva/Documentos/DesafioPrevired/Desafio_Tres/target/surefire/surefirebooter7391571571656098003.jar"/>
    <property name="sun.management.compiler" value="HotSpot 64-Bit Tiered Compilers"/>
    <property name="java.runtime.version" value="11.0.6+8-b520.43"/>
    <property name="user.name" value="conflictiva"/>
    <property name="path.separator" value=":"/>
    <property name="os.version" value="5.3.0-42-generic"/>
    <property name="java.runtime.name" value="OpenJDK Runtime Environment"/>
    <property name="file.encoding" value="UTF-8"/>
    <property name="java.vm.name" value="OpenJDK 64-Bit Server VM"/>
    <property name="localRepository" value="/home/conflictiva/.m2/repository"/>
    <property name="java.vendor.url.bug" value="https://youtrack.jetbrains.com"/>
    <property name="java.io.tmpdir" value="/tmp"/>
    <property name="java.version" value="11.0.6"/>
    <property name="user.dir" value="/home/conflictiva/Documentos/DesafioPrevired/Desafio_Tres"/>
    <property name="os.arch" value="amd64"/>
    <property name="java.vm.specification.name" value="Java Virtual Machine Specification"/>
    <property name="java.awt.printerjob" value="sun.print.PSPrinterJob"/>
    <property name="sun.os.patch.level" value="unknown"/>
    <property name="idea.version2019.3.4" value="true"/>
    <property name="java.library.path" value="/usr/java/packages/lib:/usr/lib64:/lib64:/lib:/usr/lib"/>
    <property name="java.vendor" value="JetBrains s.r.o"/>
    <property name="java.vm.info" value="mixed mode"/>
    <property name="java.vm.version" value="11.0.6+8-b520.43"/>
    <property name="sun.io.unicode.encoding" value="UnicodeLittle"/>
    <property name="java.class.version" value="55.0"/>
  </properties>
  <testcase name="shouldAnswerWithTrue" classname="org.previred.AppTest" time="0.003"/>
</testsuite>